#
# There is insufficient memory for the Java Runtime Environment to continue.
# Native memory allocation (malloc) failed to allocate 129456 bytes for Chunk::new
# Possible reasons:
#   The system is out of physical RAM or swap space
#   In 32 bit mode, the process size limit was hit
# Possible solutions:
#   Reduce memory load on the system
#   Increase physical memory or swap space
#   Check if swap backing store is full
#   Use 64 bit Java on a 64 bit OS
#   Decrease Java heap size (-Xmx/-Xms)
#   Decrease number of Java threads
#   Decrease Java thread stack sizes (-Xss)
#   Set larger code cache with -XX:ReservedCodeCacheSize=
# This output file may be truncated or incomplete.
#
#  Out of Memory Error (allocation.cpp:328), pid=7076, tid=8920
#
# JRE version: 7.0_13-b20
# Java VM: Java HotSpot(TM) 64-Bit Server VM (23.7-b01 mixed mode windows-amd64 compressed oops)
# Failed to write core dump. Minidumps are not enabled by default on client versions of Windows
#

---------------  T H R E A D  ---------------

Current thread (0x000000000a4d6000):  JavaThread "C2 CompilerThread1" daemon [_thread_in_native, id=8920, stack(0x000000000bdd0000,0x000000000bed0000)]

Stack: [0x000000000bdd0000,0x000000000bed0000]

Current CompileTask:
C2:   2649  107             org.apache.xerces.impl.XMLEntityScanner::scanContent (702 bytes)


---------------  P R O C E S S  ---------------

Java Threads: ( => current thread )
  0x000000000a4de800 JavaThread "Service Thread" daemon [_thread_blocked, id=8312, stack(0x000000000bf00000,0x000000000c000000)]
=>0x000000000a4d6000 JavaThread "C2 CompilerThread1" daemon [_thread_in_native, id=8920, stack(0x000000000bdd0000,0x000000000bed0000)]
  0x000000000a4d1000 JavaThread "C2 CompilerThread0" daemon [_thread_in_native, id=6924, stack(0x000000000bb60000,0x000000000bc60000)]
  0x000000000a4d0000 JavaThread "Attach Listener" daemon [_thread_blocked, id=3232, stack(0x000000000ba20000,0x000000000bb20000)]
  0x000000000a4c9000 JavaThread "Signal Dispatcher" daemon [_thread_blocked, id=4404, stack(0x000000000b760000,0x000000000b860000)]
  0x0000000002479000 JavaThread "Finalizer" daemon [_thread_blocked, id=10212, stack(0x000000000b8c0000,0x000000000b9c0000)]
  0x0000000002472800 JavaThread "Reference Handler" daemon [_thread_blocked, id=9664, stack(0x000000000b5f0000,0x000000000b6f0000)]
  0x000000000251e000 JavaThread "main" [_thread_in_Java, id=5320, stack(0x00000000027a0000,0x00000000028a0000)]

Other Threads:
  0x000000000a422000 VMThread [stack: 0x000000000b4c0000,0x000000000b5c0000] [id=7612]
  0x000000000a4e7000 WatcherThread [stack: 0x000000000c0c0000,0x000000000c1c0000] [id=7364]

VM state:not at safepoint (normal execution)

VM Mutex/Monitor currently owned by a thread: None

Heap
 PSYoungGen      total 28224K, used 5949K [0x00000000e0760000, 0x00000000e26e0000, 0x0000000100000000)
  eden space 24192K, 7% used [0x00000000e0760000,0x00000000e0940c78,0x00000000e1f00000)
  from space 4032K, 99% used [0x00000000e22f0000,0x00000000e26deb18,0x00000000e26e0000)
  to   space 4032K, 0% used [0x00000000e1f00000,0x00000000e1f00000,0x00000000e22f0000)
 ParOldGen       total 64576K, used 1743K [0x00000000a1600000, 0x00000000a5510000, 0x00000000e0760000)
  object space 64576K, 2% used [0x00000000a1600000,0x00000000a17b3fc0,0x00000000a5510000)
 PSPermGen       total 21248K, used 11519K [0x000000009c400000, 0x000000009d8c0000, 0x00000000a1600000)
  object space 21248K, 54% used [0x000000009c400000,0x000000009cf3ffe0,0x000000009d8c0000)

Card table byte_map: [0x00000000058a0000,0x0000000005bc0000] byte_map_base: 0x00000000053be000

Polling page: 0x0000000000790000

Code Cache  [0x00000000028a0000, 0x0000000002b10000, 0x00000000058a0000)
 total_blobs=379 nmethods=110 adapters=220 free_code_cache=48389Kb largest_free_block=49530368

Compilation events (10 events):
Event: 2.219 Thread 0x000000000a4d1000 nmethod 97 0x000000000293f410 code [0x000000000293f600, 0x0000000002940180]
Event: 2.239 Thread 0x000000000a4d6000 nmethod 101 0x000000000295afd0 code [0x000000000295b180, 0x000000000295ba60]
Event: 2.241 Thread 0x000000000a4d1000  102             java.util.Arrays::copyOf (19 bytes)
Event: 2.244 Thread 0x000000000a4d1000 nmethod 102 0x000000000295ab90 code [0x000000000295ace0, 0x000000000295aeb8]
Event: 2.335 Thread 0x000000000a4d6000  103             java.lang.String::indexOf (7 bytes)
Event: 2.339 Thread 0x000000000a4d6000 nmethod 103 0x000000000293da50 code [0x000000000293dba0, 0x000000000293dd08]
Event: 2.613 Thread 0x000000000a4d1000  105   !         sun.nio.cs.ext.DoubleByte$Decoder::decodeArrayLoop (327 bytes)
Event: 2.615 Thread 0x000000000a4d6000  106             java.util.ArrayList::indexOf (67 bytes)
Event: 2.619 Thread 0x000000000a4d6000 nmethod 106 0x000000000295ec50 code [0x000000000295eda0, 0x000000000295eff8]
Event: 2.627 Thread 0x000000000a4d6000  107             org.apache.xerces.impl.XMLEntityScanner::scanContent (702 bytes)

GC Heap History (4 events):
Event: 1.789 GC heap before
{Heap before GC invocations=1 (full 0):
 PSYoungGen      total 28224K, used 24192K [0x00000000e0760000, 0x00000000e26e0000, 0x0000000100000000)
  eden space 24192K, 100% used [0x00000000e0760000,0x00000000e1f00000,0x00000000e1f00000)
  from space 4032K, 0% used [0x00000000e22f0000,0x00000000e22f0000,0x00000000e26e0000)
  to   space 4032K, 0% used [0x00000000e1f00000,0x00000000e1f00000,0x00000000e22f0000)
 ParOldGen       total 64576K, used 0K [0x00000000a1600000, 0x00000000a5510000, 0x00000000e0760000)
  object space 64576K, 0% used [0x00000000a1600000,0x00000000a1600000,0x00000000a5510000)
 PSPermGen       total 21248K, used 7843K [0x000000009c400000, 0x000000009d8c0000, 0x00000000a1600000)
  object space 21248K, 36% used [0x000000009c400000,0x000000009cba8df0,0x000000009d8c0000)
Event: 1.799 GC heap after
Heap after GC invocations=1 (full 0):
 PSYoungGen      total 28224K, used 4000K [0x00000000e0760000, 0x00000000e26e0000, 0x0000000100000000)
  eden space 24192K, 0% used [0x00000000e0760000,0x00000000e0760000,0x00000000e1f00000)
  from space 4032K, 99% used [0x00000000e1f00000,0x00000000e22e83c0,0x00000000e22f0000)
  to   space 4032K, 0% used [0x00000000e22f0000,0x00000000e22f0000,0x00000000e26e0000)
 ParOldGen       total 64576K, used 693K [0x00000000a1600000, 0x00000000a5510000, 0x00000000e0760000)
  object space 64576K, 1% used [0x00000000a1600000,0x00000000a16ad7f0,0x00000000a5510000)
 PSPermGen       total 21248K, used 7843K [0x000000009c400000, 0x000000009d8c0000, 0x00000000a1600000)
  object space 21248K, 36% used [0x000000009c400000,0x000000009cba8df0,0x000000009d8c0000)
}
Event: 2.517 GC heap before
{Heap before GC invocations=2 (full 0):
 PSYoungGen      total 28224K, used 28192K [0x00000000e0760000, 0x00000000e26e0000, 0x0000000100000000)
  eden space 24192K, 100% used [0x00000000e0760000,0x00000000e1f00000,0x00000000e1f00000)
  from space 4032K, 99% used [0x00000000e1f00000,0x00000000e22e83c0,0x00000000e22f0000)
  to   space 4032K, 0% used [0x00000000e22f0000,0x00000000e22f0000,0x00000000e26e0000)
 ParOldGen       total 64576K, used 693K [0x00000000a1600000, 0x00000000a5510000, 0x00000000e0760000)
  object space 64576K, 1% used [0x00000000a1600000,0x00000000a16ad7f0,0x00000000a5510000)
 PSPermGen       total 21248K, used 11433K [0x000000009c400000, 0x000000009d8c0000, 0x00000000a1600000)
  object space 21248K, 53% used [0x000000009c400000,0x000000009cf2a6f0,0x000000009d8c0000)
Event: 2.526 GC heap after
Heap after GC invocations=2 (full 0):
 PSYoungGen      total 28224K, used 4026K [0x00000000e0760000, 0x00000000e26e0000, 0x0000000100000000)
  eden space 24192K, 0% used [0x00000000e0760000,0x00000000e0760000,0x00000000e1f00000)
  from space 4032K, 99% used [0x00000000e22f0000,0x00000000e26deb18,0x00000000e26e0000)
  to   space 4032K, 0% used [0x00000000e1f00000,0x00000000e1f00000,0x00000000e22f0000)
 ParOldGen       total 64576K, used 1743K [0x00000000a1600000, 0x00000000a5510000, 0x00000000e0760000)
  object space 64576K, 2% used [0x00000000a1600000,0x00000000a17b3fc0,0x00000000a5510000)
 PSPermGen       total 21248K, used 11433K [0x000000009c400000, 0x000000009d8c0000, 0x00000000a1600000)
  object space 21248K, 53% used [0x000000009c400000,0x000000009cf2a6f0,0x000000009d8c0000)
}

Deoptimization events (10 events):
Event: 0.912 Thread 0x000000000251e000 Uncommon trap -34 fr.pc 0x0000000002904a10
Event: 0.913 Thread 0x000000000251e000 Uncommon trap -34 fr.pc 0x0000000002904a10
Event: 1.633 Thread 0x000000000251e000 Uncommon trap 45 fr.pc 0x000000000291c798
Event: 1.978 Thread 0x000000000251e000 Uncommon trap -58 fr.pc 0x00000000029079a4
Event: 1.978 Thread 0x000000000251e000 Uncommon trap -34 fr.pc 0x0000000002907974
Event: 1.978 Thread 0x000000000251e000 Uncommon trap -58 fr.pc 0x00000000029079a4
Event: 2.058 Thread 0x000000000251e000 Uncommon trap -12 fr.pc 0x0000000002904a20
Event: 2.063 Thread 0x000000000251e000 Uncommon trap -58 fr.pc 0x00000000029079a4
Event: 2.063 Thread 0x000000000251e000 Uncommon trap -34 fr.pc 0x0000000002907974
Event: 2.063 Thread 0x000000000251e000 Uncommon trap -58 fr.pc 0x00000000029079a4

Internal exceptions (10 events):
Event: 2.535 Thread 0x000000000251e000 Threw 0x00000000e07ad5a0 at C:\jdk7u2_64p\jdk7u13\hotspot\src\share\vm\prims\jvm.cpp:1166
Event: 2.583 Thread 0x000000000251e000 Threw 0x00000000e07c1518 at C:\jdk7u2_64p\jdk7u13\hotspot\src\share\vm\classfile\verifier.cpp:259
Event: 2.583 Thread 0x000000000251e000 Threw 0x00000000e07c1bc0 at C:\jdk7u2_64p\jdk7u13\hotspot\src\share\vm\prims\jvm.cpp:1166
Event: 2.586 Thread 0x000000000251e000 Threw 0x00000000e07c7b58 at C:\jdk7u2_64p\jdk7u13\hotspot\src\share\vm\prims\jvm.cpp:1166
Event: 2.588 Thread 0x000000000251e000 Threw 0x00000000e07cdfe8 at C:\jdk7u2_64p\jdk7u13\hotspot\src\share\vm\prims\jvm.cpp:1166
Event: 2.589 Thread 0x000000000251e000 Threw 0x00000000e07d64b0 at C:\jdk7u2_64p\jdk7u13\hotspot\src\share\vm\prims\jvm.cpp:1166
Event: 2.590 Thread 0x000000000251e000 Threw 0x00000000e07d95b0 at C:\jdk7u2_64p\jdk7u13\hotspot\src\share\vm\prims\jvm.cpp:1166
Event: 2.595 Thread 0x000000000251e000 Threw 0x00000000e080d538 at C:\jdk7u2_64p\jdk7u13\hotspot\src\share\vm\prims\jvm.cpp:1166
Event: 2.606 Thread 0x000000000251e000 Threw 0x00000000e0817400 at C:\jdk7u2_64p\jdk7u13\hotspot\src\share\vm\prims\jvm.cpp:1166
Event: 2.606 Thread 0x000000000251e000 Threw 0x00000000e081be50 at C:\jdk7u2_64p\jdk7u13\hotspot\src\share\vm\prims\jvm.cpp:1166

Events (10 events):
Event: 2.590 loading class 0x000000000c4fe6c0
Event: 2.590 loading class 0x000000000c4fe6c0 done
Event: 2.591 loading class 0x0000000002441490
Event: 2.591 loading class 0x0000000002441490 done
Event: 2.591 loading class 0x000000000c5bb8b0
Event: 2.592 loading class 0x000000000c5bb8b0 done
Event: 2.595 loading class 0x000000000c580b50
Event: 2.595 loading class 0x000000000c580b50 done
Event: 2.606 loading class 0x000000000c71c0f0
Event: 2.606 loading class 0x000000000c71c0f0 done


Dynamic libraries:
0x000000013f240000 - 0x000000013f273000 	C:\Program Files\Java\jdk1.7.0_13\jre\bin\java.exe
0x00000000773d0000 - 0x0000000077579000 	C:\windows\SYSTEM32\ntdll.dll
0x00000000771b0000 - 0x00000000772cf000 	C:\windows\system32\kernel32.dll
0x000007fefd230000 - 0x000007fefd29c000 	C:\windows\system32\KERNELBASE.dll
0x000007fefdd40000 - 0x000007fefde1b000 	C:\windows\system32\ADVAPI32.dll
0x000007fefefa0000 - 0x000007feff03f000 	C:\windows\system32\msvcrt.dll
0x000007fefd6f0000 - 0x000007fefd70f000 	C:\windows\SYSTEM32\sechost.dll
0x000007fefd720000 - 0x000007fefd84d000 	C:\windows\system32\RPCRT4.dll
0x00000000772d0000 - 0x00000000773ca000 	C:\windows\system32\USER32.dll
0x000007feff670000 - 0x000007feff6d7000 	C:\windows\system32\GDI32.dll
0x000007fefd710000 - 0x000007fefd71e000 	C:\windows\system32\LPK.dll
0x000007fefedf0000 - 0x000007fefeeb9000 	C:\windows\system32\USP10.dll
0x000007fefbd80000 - 0x000007fefbf74000 	C:\windows\WinSxS\amd64_microsoft.windows.common-controls_6595b64144ccf1df_6.0.7601.18837_none_fa3b1e3d17594757\COMCTL32.dll
0x000007fefef20000 - 0x000007fefef91000 	C:\windows\system32\SHLWAPI.dll
0x000007feff160000 - 0x000007feff18e000 	C:\windows\system32\IMM32.DLL
0x000007fefd850000 - 0x000007fefd959000 	C:\windows\system32\MSCTF.dll
0x00000000687c0000 - 0x0000000068891000 	C:\Program Files\Java\jdk1.7.0_13\jre\bin\msvcr100.dll
0x0000000062cc0000 - 0x00000000633df000 	C:\Program Files\Java\jdk1.7.0_13\jre\bin\server\jvm.dll
0x000007fefa2f0000 - 0x000007fefa2f9000 	C:\windows\system32\WSOCK32.dll
0x000007fefde20000 - 0x000007fefde6d000 	C:\windows\system32\WS2_32.dll
0x000007fefde70000 - 0x000007fefde78000 	C:\windows\system32\NSI.dll
0x000007fef8380000 - 0x000007fef83bb000 	C:\windows\system32\WINMM.dll
0x00000000775a0000 - 0x00000000775a7000 	C:\windows\system32\PSAPI.DLL
0x0000000062aa0000 - 0x0000000062aaf000 	C:\Program Files\Java\jdk1.7.0_13\jre\bin\verify.dll
0x0000000062a40000 - 0x0000000062a68000 	C:\Program Files\Java\jdk1.7.0_13\jre\bin\java.dll
0x000000006c290000 - 0x000000006c2a5000 	C:\Program Files\Java\jdk1.7.0_13\jre\bin\zip.dll
0x0000000073fa0000 - 0x0000000073fb9000 	C:\Program Files\Java\jdk1.7.0_13\jre\bin\net.dll
0x000007fefc920000 - 0x000007fefc975000 	C:\windows\system32\mswsock.dll
0x000007fefc910000 - 0x000007fefc917000 	C:\windows\System32\wship6.dll
0x0000000073f80000 - 0x0000000073f91000 	C:\Program Files\Java\jdk1.7.0_13\jre\bin\nio.dll

VM Arguments:
java_command: D:\workspace\lazypeople\lazypeople-utils\target\surefire\surefirebooter2867874555042390194.jar D:\workspace\lazypeople\lazypeople-utils\target\surefire\surefire390426773447616380tmp D:\workspace\lazypeople\lazypeople-utils\target\surefire\surefire_08465472650769356687tmp
Launcher Type: SUN_STANDARD

Environment Variables:
JAVA_HOME=C:\Program Files\Java\jdk1.7.0_13
CLASSPATH=.;C:\Program Files\Java\jdk1.7.0_13\lib\dt.jar;C:\Program Files\Java\jdk1.7.0_13\lib\tools.jar;
PATH=redis_home;D:\soft\mysql-5.6.21-win32\bin;C:\Program Files (x86)\Git\\bin;D:\soft\apache-maven-3.2.2\bin;D:\app\Administrator\product\11.2.0\dbhome_1\bin;C:\Program Files\Java\jdk1.7.0_13\bin;C:\Program Files\Java\jdk1.7.0_13\jre\bin;C:\windows\system32;C:\windows;C:\windows\System32\Wbem;C:\windows\System32\WindowsPowerShell\v1.0\;C:\Program Files\Intel\WiFi\bin\;C:\Program Files\Common Files\Intel\WirelessCommon\;C:\Program Files (x86)\Windows7Master;C:\program files (x86)\windows7master;C:\Program Files\TortoiseSVN\bin;C:\Program Files (x86)\Rational\Common;C:\Program Files\nodejs\;C:\Program Files (x86)\Windows Kits\8.1\Windows Performance Toolkit\;C:\Program Files\Microsoft SQL Server\110\Tools\Binn\;C:\Program Files\Intel\WiFi\bin\;C:\Program Files\Common Files\Intel\WirelessCommon\;C:\Users\Administrator\AppData\Roaming\npm
USERNAME=Administrator
OS=Windows_NT
PROCESSOR_IDENTIFIER=Intel64 Family 6 Model 42 Stepping 7, GenuineIntel



---------------  S Y S T E M  ---------------

OS: Windows 7 , 64 bit Build 7601 Service Pack 1

CPU:total 4 (2 cores per cpu, 2 threads per core) family 6 model 42 stepping 7, cmov, cx8, fxsr, mmx, sse, sse2, sse3, ssse3, sse4.1, sse4.2, popcnt, avx, ht, tsc, tscinvbit

Memory: 4k page, physical 6195304k(576520k free), swap 6193468k(4356k free)

vm_info: Java HotSpot(TM) 64-Bit Server VM (23.7-b01) for windows-amd64 JRE (1.7.0_13-b20), built on Jan 30 2013 10:10:00 by "java_re" with unknown MS VC++:1600

time: Tue Aug 04 10:15:05 2015
elapsed time: 2 seconds

